<?xml version="1.0" encoding="UTF-8"?>
<!-- Generated by org.testng.reporters.JUnitReportReporter -->
<testsuite skipped="0" hostname="NISL-TEST4" name="com.inetbanking.testCases.TC_LoginTest_001" tests="1" failures="0" timestamp="05 Jan 2022 07:08:11 GMT" time="1.084" errors="0">
  <testcase name="loginTest" time="1.084" classname="com.inetbanking.testCases.TC_LoginTest_001"/>
</testsuite> <!-- com.inetbanking.testCases.TC_LoginTest_001 -->
