<?xml version="1.0" encoding="UTF-8"?>
<!-- Generated by org.testng.reporters.JUnitReportReporter -->
<testsuite skipped="0" hostname="NISL-TEST4" name="com.inetbanking.testCases.TC_AddCustomerTest_003" tests="1" failures="0" timestamp="20 Jan 2022 04:03:27 GMT" time="11.847" errors="0">
  <testcase name="addNewCustomer" time="11.847" classname="com.inetbanking.testCases.TC_AddCustomerTest_003"/>
</testsuite> <!-- com.inetbanking.testCases.TC_AddCustomerTest_003 -->
